# JRE version: Java(TM) SE Runtime Environment (8.0_281-b09) (build 1.8.0_281-b09)
# Java VM: Java HotSpot(TM) 64-Bit Server VM (25.281-b09 mixed mode windows-amd64 compressed oops)
Heap:
 PSYoungGen      total 70144K, used 69760K [0x0000000790000000, 0x0000000798a80000, 0x00000007c0000000)
  eden space 69632K, 100% used [0x0000000790000000,0x0000000794400000,0x0000000794400000)
  from space 512K, 25% used [0x0000000798a00000,0x0000000798a20000,0x0000000798a80000)
  to   space 512K, 25% used [0x0000000798980000,0x00000007989a0000,0x0000000798a00000)
 ParOldGen       total 107520K, used 94618K [0x0000000730000000, 0x0000000736900000, 0x0000000790000000)
  object space 107520K, 88% used [0x0000000730000000,0x0000000735c66a58,0x0000000736900000)
 Metaspace       used 65362K, capacity 67814K, committed 68056K, reserved 1107968K
  class space    used 8410K, capacity 8834K, committed 8920K, reserved 1048576K
GC Heap History (10 events):
Event: 1518.555 GC heap after
Heap after GC invocations=3191 (full 5):
 PSYoungGen      total 79360K, used 128K [0x0000000790000000, 0x0000000798a80000, 0x00000007c0000000)
  eden space 78848K, 0% used [0x0000000790000000,0x0000000790000000,0x0000000794d00000)
  from space 512K, 25% used [0x0000000798a00000,0x0000000798a20000,0x0000000798a80000)
  to   space 512K, 0% used [0x0000000798980000,0x0000000798980000,0x0000000798a00000)
 ParOldGen       total 107520K, used 94490K [0x0000000730000000, 0x0000000736900000, 0x0000000790000000)
  object space 107520K, 87% used [0x0000000730000000,0x0000000735c46a58,0x0000000736900000)
 Metaspace       used 65344K, capacity 67750K, committed 68056K, reserved 1107968K
  class space    used 8409K, capacity 8834K, committed 8920K, reserved 1048576K
}
Event: 1518.892 GC heap before
{Heap before GC invocations=3192 (full 5):
 PSYoungGen      total 79360K, used 78976K [0x0000000790000000, 0x0000000798a80000, 0x00000007c0000000)
  eden space 78848K, 100% used [0x0000000790000000,0x0000000794d00000,0x0000000794d00000)
  from space 512K, 25% used [0x0000000798a00000,0x0000000798a20000,0x0000000798a80000)
  to   space 512K, 0% used [0x0000000798980000,0x0000000798980000,0x0000000798a00000)
 ParOldGen       total 107520K, used 94490K [0x0000000730000000, 0x0000000736900000, 0x0000000790000000)
  object space 107520K, 87% used [0x0000000730000000,0x0000000735c46a58,0x0000000736900000)
 Metaspace       used 65344K, capacity 67750K, committed 68056K, reserved 1107968K
  class space    used 8409K, capacity 8834K, committed 8920K, reserved 1048576K
Event: 1518.895 GC heap after
Heap after GC invocations=3192 (full 5):
 PSYoungGen      total 76800K, used 128K [0x0000000790000000, 0x0000000798a80000, 0x00000007c0000000)
  eden space 76288K, 0% used [0x0000000790000000,0x0000000790000000,0x0000000794a80000)
  from space 512K, 25% used [0x0000000798980000,0x00000007989a0000,0x0000000798a00000)
  to   space 512K, 0% used [0x0000000798a00000,0x0000000798a00000,0x0000000798a80000)
 ParOldGen       total 107520K, used 94522K [0x0000000730000000, 0x0000000736900000, 0x0000000790000000)
  object space 107520K, 87% used [0x0000000730000000,0x0000000735c4ea58,0x0000000736900000)
 Metaspace       used 65344K, capacity 67750K, committed 68056K, reserved 1107968K
  class space    used 8409K, capacity 8834K, committed 8920K, reserved 1048576K
}
Event: 1519.320 GC heap before
{Heap before GC invocations=3193 (full 5):
 PSYoungGen      total 76800K, used 76416K [0x0000000790000000, 0x0000000798a80000, 0x00000007c0000000)
  eden space 76288K, 100% used [0x0000000790000000,0x0000000794a80000,0x0000000794a80000)
  from space 512K, 25% used [0x0000000798980000,0x00000007989a0000,0x0000000798a00000)
  to   space 512K, 0% used [0x0000000798a00000,0x0000000798a00000,0x0000000798a80000)
 ParOldGen       total 107520K, used 94522K [0x0000000730000000, 0x0000000736900000, 0x0000000790000000)
  object space 107520K, 87% used [0x0000000730000000,0x0000000735c4ea58,0x0000000736900000)
 Metaspace       used 65344K, capacity 67750K, committed 68056K, reserved 1107968K
  class space    used 8409K, capacity 8834K, committed 8920K, reserved 1048576K
Event: 1519.323 GC heap after
Heap after GC invocations=3193 (full 5):
 PSYoungGen      total 74240K, used 128K [0x0000000790000000, 0x0000000798a80000, 0x00000007c0000000)
  eden space 73728K, 0% used [0x0000000790000000,0x0000000790000000,0x0000000794800000)
  from space 512K, 25% used [0x0000000798a00000,0x0000000798a20000,0x0000000798a80000)
  to   space 512K, 0% used [0x0000000798980000,0x0000000798980000,0x0000000798a00000)
 ParOldGen       total 107520K, used 94546K [0x0000000730000000, 0x0000000736900000, 0x0000000790000000)
  object space 107520K, 87% used [0x0000000730000000,0x0000000735c54a58,0x0000000736900000)
 Metaspace       used 65344K, capacity 67750K, committed 68056K, reserved 1107968K
  class space    used 8409K, capacity 8834K, committed 8920K, reserved 1048576K
}
Event: 1519.724 GC heap before
{Heap before GC invocations=3194 (full 5):
 PSYoungGen      total 74240K, used 73856K [0x0000000790000000, 0x0000000798a80000, 0x00000007c0000000)
  eden space 73728K, 100% used [0x0000000790000000,0x0000000794800000,0x0000000794800000)
  from space 512K, 25% used [0x0000000798a00000,0x0000000798a20000,0x0000000798a80000)
  to   space 512K, 0% used [0x0000000798980000,0x0000000798980000,0x0000000798a00000)
 ParOldGen       total 107520K, used 94546K [0x0000000730000000, 0x0000000736900000, 0x0000000790000000)
  object space 107520K, 87% used [0x0000000730000000,0x0000000735c54a58,0x0000000736900000)
 Metaspace       used 65362K, capacity 67814K, committed 68056K, reserved 1107968K
  class space    used 8410K, capacity 8834K, committed 8920K, reserved 1048576K
Event: 1519.727 GC heap after
Heap after GC invocations=3194 (full 5):
 PSYoungGen      total 72192K, used 128K [0x0000000790000000, 0x0000000798a80000, 0x00000007c0000000)
  eden space 71680K, 0% used [0x0000000790000000,0x0000000790000000,0x0000000794600000)
  from space 512K, 25% used [0x0000000798980000,0x00000007989a0000,0x0000000798a00000)
  to   space 512K, 0% used [0x0000000798a00000,0x0000000798a00000,0x0000000798a80000)
 ParOldGen       total 107520K, used 94578K [0x0000000730000000, 0x0000000736900000, 0x0000000790000000)
  object space 107520K, 87% used [0x0000000730000000,0x0000000735c5ca58,0x0000000736900000)
 Metaspace       used 65362K, capacity 67814K, committed 68056K, reserved 1107968K
  class space    used 8410K, capacity 8834K, committed 8920K, reserved 1048576K
}
Event: 1520.044 GC heap before
{Heap before GC invocations=3195 (full 5):
 PSYoungGen      total 72192K, used 71808K [0x0000000790000000, 0x0000000798a80000, 0x00000007c0000000)
  eden space 71680K, 100% used [0x0000000790000000,0x0000000794600000,0x0000000794600000)
  from space 512K, 25% used [0x0000000798980000,0x00000007989a0000,0x0000000798a00000)
  to   space 512K, 0% used [0x0000000798a00000,0x0000000798a00000,0x0000000798a80000)
 ParOldGen       total 107520K, used 94578K [0x0000000730000000, 0x0000000736900000, 0x0000000790000000)
  object space 107520K, 87% used [0x0000000730000000,0x0000000735c5ca58,0x0000000736900000)
 Metaspace       used 65362K, capacity 67814K, committed 68056K, reserved 1107968K
  class space    used 8410K, capacity 8834K, committed 8920K, reserved 1048576K
Event: 1520.047 GC heap after
Heap after GC invocations=3195 (full 5):
 PSYoungGen      total 70144K, used 128K [0x0000000790000000, 0x0000000798a80000, 0x00000007c0000000)
  eden space 69632K, 0% used [0x0000000790000000,0x0000000790000000,0x0000000794400000)
  from space 512K, 25% used [0x0000000798a00000,0x0000000798a20000,0x0000000798a80000)
  to   space 512K, 0% used [0x0000000798980000,0x0000000798980000,0x0000000798a00000)
 ParOldGen       total 107520K, used 94610K [0x0000000730000000, 0x0000000736900000, 0x0000000790000000)
  object space 107520K, 87% used [0x0000000730000000,0x0000000735c64a58,0x0000000736900000)
 Metaspace       used 65362K, capacity 67814K, committed 68056K, reserved 1107968K
  class space    used 8410K, capacity 8834K, committed 8920K, reserved 1048576K
}
Event: 1520.409 GC heap before
{Heap before GC invocations=3196 (full 5):
 PSYoungGen      total 70144K, used 69760K [0x0000000790000000, 0x0000000798a80000, 0x00000007c0000000)
  eden space 69632K, 100% used [0x0000000790000000,0x0000000794400000,0x0000000794400000)
  from space 512K, 25% used [0x0000000798a00000,0x0000000798a20000,0x0000000798a80000)
  to   space 512K, 0% used [0x0000000798980000,0x0000000798980000,0x0000000798a00000)
 ParOldGen       total 107520K, used 94610K [0x0000000730000000, 0x0000000736900000, 0x0000000790000000)
  object space 107520K, 87% used [0x0000000730000000,0x0000000735c64a58,0x0000000736900000)
 Metaspace       used 65362K, capacity 67814K, committed 68056K, reserved 1107968K
  class space    used 8410K, capacity 8834K, committed 8920K, reserved 1048576K

